<?xml version="1.0"?>
<!DOCTYPE coverage SYSTEM "http://cobertura.sourceforge.net/xml/coverage-04.dtd">

<coverage line-rate="0.9545454545454546" branch-rate="0.7272727272727273" lines-covered="84" lines-valid="88" branches-covered="16" branches-valid="22" complexity="1.5" version="2.1.1" timestamp="1495448942596">
	<sources>
		<source>C:/Users/Kevin/Universidad/4º Grado/Procesos de Ingeniería del Software II/Prácticas/Actividad08/RefactoringKevin/src</source>
		<source>--source</source>
		<source>C:/Users/Kevin/Universidad/4º Grado/Procesos de Ingeniería del Software II/Prácticas/Actividad08/RefactoringKevin/target/generated-sources/annotations</source>
	</sources>
	<packages>
		<package name="videostore" line-rate="0.9545454545454546" branch-rate="0.7272727272727273" complexity="1.5">
			<classes>
				<class name="videostore.ChildrensPrice" filename="videostore/ChildrensPrice.java" line-rate="1.0" branch-rate="0.5" complexity="1.5">
					<methods>
						<method name="&lt;init&gt;" signature="()V" line-rate="1.0" branch-rate="1.0" complexity="0">
							<lines>
								<line number="3" hits="9" branch="false"/>
							</lines>
						</method>
						<method name="getCharge" signature="(I)D" line-rate="1.0" branch-rate="0.5" complexity="0">
							<lines>
								<line number="12" hits="4" branch="false"/>
								<line number="13" hits="4" branch="true" condition-coverage="50% (1/2)">
									<conditions>
										<condition number="0" type="jump" coverage="50%"/>
									</conditions>
								</line>
								<line number="14" hits="4" branch="false"/>
								<line number="15" hits="4" branch="false"/>
							</lines>
						</method>
						<method name="getPriceCode" signature="()I" line-rate="1.0" branch-rate="1.0" complexity="0">
							<lines>
								<line number="7" hits="2" branch="false"/>
							</lines>
						</method>
					</methods>
					<lines>
						<line number="3" hits="9" branch="false"/>
						<line number="7" hits="2" branch="false"/>
						<line number="12" hits="4" branch="false"/>
						<line number="13" hits="4" branch="true" condition-coverage="50% (1/2)">
							<conditions>
								<condition number="0" type="jump" coverage="50%"/>
							</conditions>
						</line>
						<line number="14" hits="4" branch="false"/>
						<line number="15" hits="4" branch="false"/>
					</lines>
				</class>
				<class name="videostore.Customer" filename="videostore/Customer.java" line-rate="1.0" branch-rate="1.0" complexity="1.5714285714285714">
					<methods>
						<method name="&lt;init&gt;" signature="(Ljava/lang/String;)V" line-rate="1.0" branch-rate="1.0" complexity="0">
							<lines>
								<line number="9" hits="18" branch="false"/>
								<line number="11" hits="18" branch="false"/>
								<line number="12" hits="18" branch="false"/>
								<line number="13" hits="18" branch="false"/>
							</lines>
						</method>
						<method name="addRental" signature="(Lvideostore/Rental;)V" line-rate="1.0" branch-rate="1.0" complexity="0">
							<lines>
								<line number="16" hits="5" branch="false"/>
								<line number="17" hits="5" branch="false"/>
							</lines>
						</method>
						<method name="getName" signature="()Ljava/lang/String;" line-rate="1.0" branch-rate="1.0" complexity="0">
							<lines>
								<line number="20" hits="6" branch="false"/>
							</lines>
						</method>
						<method name="getTotalCharge" signature="()D" line-rate="1.0" branch-rate="1.0" complexity="0">
							<lines>
								<line number="44" hits="5" branch="false"/>
								<line number="45" hits="5" branch="false"/>
								<line number="46" hits="10" branch="true" condition-coverage="100% (2/2)">
									<conditions>
										<condition number="0" type="jump" coverage="100%"/>
									</conditions>
								</line>
								<line number="47" hits="5" branch="false"/>
								<line number="48" hits="5" branch="false"/>
								<line number="49" hits="5" branch="false"/>
								<line number="50" hits="5" branch="false"/>
							</lines>
						</method>
						<method name="getTotalFrequentRenterPoints" signature="()I" line-rate="1.0" branch-rate="1.0" complexity="0">
							<lines>
								<line number="54" hits="5" branch="false"/>
								<line number="55" hits="5" branch="false"/>
								<line number="56" hits="10" branch="true" condition-coverage="100% (2/2)">
									<conditions>
										<condition number="0" type="jump" coverage="100%"/>
									</conditions>
								</line>
								<line number="57" hits="5" branch="false"/>
								<line number="58" hits="5" branch="false"/>
								<line number="59" hits="5" branch="false"/>
								<line number="60" hits="5" branch="false"/>
							</lines>
						</method>
						<method name="htmlStatement" signature="()Ljava/lang/String;" line-rate="1.0" branch-rate="1.0" complexity="0">
							<lines>
								<line number="64" hits="1" branch="false"/>
								<line number="65" hits="1" branch="false"/>
								<line number="67" hits="2" branch="true" condition-coverage="100% (2/2)">
									<conditions>
										<condition number="0" type="jump" coverage="100%"/>
									</conditions>
								</line>
								<line number="68" hits="1" branch="false"/>
								<line number="71" hits="1" branch="false"/>
								<line number="72" hits="1" branch="false"/>
								<line number="74" hits="1" branch="false"/>
								<line number="75" hits="1" branch="false"/>
								<line number="77" hits="1" branch="false"/>
							</lines>
						</method>
						<method name="statement" signature="()Ljava/lang/String;" line-rate="1.0" branch-rate="1.0" complexity="0">
							<lines>
								<line number="24" hits="4" branch="false"/>
								<line number="25" hits="4" branch="false"/>
								<line number="26" hits="4" branch="false"/>
								<line number="27" hits="8" branch="true" condition-coverage="100% (2/2)">
									<conditions>
										<condition number="0" type="jump" coverage="100%"/>
									</conditions>
								</line>
								<line number="28" hits="4" branch="false"/>
								<line number="29" hits="4" branch="false"/>
								<line number="32" hits="4" branch="false"/>
								<line number="33" hits="4" branch="false"/>
								<line number="34" hits="4" branch="false"/>
								<line number="35" hits="4" branch="false"/>
								<line number="38" hits="4" branch="false"/>
								<line number="39" hits="4" branch="false"/>
								<line number="40" hits="4" branch="false"/>
							</lines>
						</method>
					</methods>
					<lines>
						<line number="9" hits="18" branch="false"/>
						<line number="11" hits="18" branch="false"/>
						<line number="12" hits="18" branch="false"/>
						<line number="13" hits="18" branch="false"/>
						<line number="16" hits="5" branch="false"/>
						<line number="17" hits="5" branch="false"/>
						<line number="20" hits="6" branch="false"/>
						<line number="24" hits="4" branch="false"/>
						<line number="25" hits="4" branch="false"/>
						<line number="26" hits="4" branch="false"/>
						<line number="27" hits="8" branch="true" condition-coverage="100% (2/2)">
							<conditions>
								<condition number="0" type="jump" coverage="100%"/>
							</conditions>
						</line>
						<line number="28" hits="4" branch="false"/>
						<line number="29" hits="4" branch="false"/>
						<line number="32" hits="4" branch="false"/>
						<line number="33" hits="4" branch="false"/>
						<line number="34" hits="4" branch="false"/>
						<line number="35" hits="4" branch="false"/>
						<line number="38" hits="4" branch="false"/>
						<line number="39" hits="4" branch="false"/>
						<line number="40" hits="4" branch="false"/>
						<line number="44" hits="5" branch="false"/>
						<line number="45" hits="5" branch="false"/>
						<line number="46" hits="10" branch="true" condition-coverage="100% (2/2)">
							<conditions>
								<condition number="0" type="jump" coverage="100%"/>
							</conditions>
						</line>
						<line number="47" hits="5" branch="false"/>
						<line number="48" hits="5" branch="false"/>
						<line number="49" hits="5" branch="false"/>
						<line number="50" hits="5" branch="false"/>
						<line number="54" hits="5" branch="false"/>
						<line number="55" hits="5" branch="false"/>
						<line number="56" hits="10" branch="true" condition-coverage="100% (2/2)">
							<conditions>
								<condition number="0" type="jump" coverage="100%"/>
							</conditions>
						</line>
						<line number="57" hits="5" branch="false"/>
						<line number="58" hits="5" branch="false"/>
						<line number="59" hits="5" branch="false"/>
						<line number="60" hits="5" branch="false"/>
						<line number="64" hits="1" branch="false"/>
						<line number="65" hits="1" branch="false"/>
						<line number="67" hits="2" branch="true" condition-coverage="100% (2/2)">
							<conditions>
								<condition number="0" type="jump" coverage="100%"/>
							</conditions>
						</line>
						<line number="68" hits="1" branch="false"/>
						<line number="71" hits="1" branch="false"/>
						<line number="72" hits="1" branch="false"/>
						<line number="74" hits="1" branch="false"/>
						<line number="75" hits="1" branch="false"/>
						<line number="77" hits="1" branch="false"/>
					</lines>
				</class>
				<class name="videostore.Movie" filename="videostore/Movie.java" line-rate="0.8823529411764706" branch-rate="0.75" complexity="1.6666666666666667">
					<methods>
						<method name="&lt;init&gt;" signature="(Ljava/lang/String;I)V" line-rate="1.0" branch-rate="1.0" complexity="0">
							<lines>
								<line number="12" hits="28" branch="false"/>
								<line number="13" hits="28" branch="false"/>
								<line number="14" hits="28" branch="false"/>
								<line number="15" hits="28" branch="false"/>
							</lines>
						</method>
						<method name="getCharge" signature="(I)D" line-rate="1.0" branch-rate="1.0" complexity="0">
							<lines>
								<line number="42" hits="10" branch="false"/>
							</lines>
						</method>
						<method name="getFrequentRenterPoints" signature="(I)I" line-rate="0.0" branch-rate="1.0" complexity="0">
							<lines>
								<line number="46" hits="0" branch="false"/>
							</lines>
						</method>
						<method name="getPriceCode" signature="()I" line-rate="1.0" branch-rate="1.0" complexity="0">
							<lines>
								<line number="22" hits="6" branch="false"/>
							</lines>
						</method>
						<method name="getTitle" signature="()Ljava/lang/String;" line-rate="1.0" branch-rate="1.0" complexity="0">
							<lines>
								<line number="18" hits="7" branch="false"/>
							</lines>
						</method>
						<method name="setPriceCode" signature="(I)V" line-rate="0.8888888888888888" branch-rate="0.75" complexity="0">
							<lines>
								<line number="26" hits="28" branch="true" condition-coverage="75% (3/4)">
									<conditions>
										<condition number="0" type="switch" coverage="75%"/>
									</conditions>
								</line>
								<line number="28" hits="9" branch="false"/>
								<line number="29" hits="9" branch="false"/>
								<line number="31" hits="9" branch="false"/>
								<line number="32" hits="9" branch="false"/>
								<line number="34" hits="10" branch="false"/>
								<line number="35" hits="10" branch="false"/>
								<line number="37" hits="0" branch="false"/>
								<line number="39" hits="28" branch="false"/>
							</lines>
						</method>
					</methods>
					<lines>
						<line number="12" hits="28" branch="false"/>
						<line number="13" hits="28" branch="false"/>
						<line number="14" hits="28" branch="false"/>
						<line number="15" hits="28" branch="false"/>
						<line number="18" hits="7" branch="false"/>
						<line number="22" hits="6" branch="false"/>
						<line number="26" hits="28" branch="true" condition-coverage="75% (3/4)">
							<conditions>
								<condition number="0" type="switch" coverage="75%"/>
							</conditions>
						</line>
						<line number="28" hits="9" branch="false"/>
						<line number="29" hits="9" branch="false"/>
						<line number="31" hits="9" branch="false"/>
						<line number="32" hits="9" branch="false"/>
						<line number="34" hits="10" branch="false"/>
						<line number="35" hits="10" branch="false"/>
						<line number="37" hits="0" branch="false"/>
						<line number="39" hits="28" branch="false"/>
						<line number="42" hits="10" branch="false"/>
						<line number="46" hits="0" branch="false"/>
					</lines>
				</class>
				<class name="videostore.NewReleasePrice" filename="videostore/NewReleasePrice.java" line-rate="0.75" branch-rate="0.0" complexity="1.3333333333333333">
					<methods>
						<method name="&lt;init&gt;" signature="()V" line-rate="1.0" branch-rate="1.0" complexity="0">
							<lines>
								<line number="3" hits="10" branch="false"/>
							</lines>
						</method>
						<method name="getCharge" signature="(I)D" line-rate="1.0" branch-rate="1.0" complexity="0">
							<lines>
								<line number="12" hits="2" branch="false"/>
							</lines>
						</method>
						<method name="getFrequentRenterPoints" signature="(I)I" line-rate="0.0" branch-rate="0.0" complexity="0">
							<lines>
								<line number="17" hits="0" branch="true" condition-coverage="0% (0/2)">
									<conditions>
										<condition number="0" type="jump" coverage="0%"/>
									</conditions>
								</line>
							</lines>
						</method>
						<method name="getPriceCode" signature="()I" line-rate="1.0" branch-rate="1.0" complexity="0">
							<lines>
								<line number="7" hits="2" branch="false"/>
							</lines>
						</method>
					</methods>
					<lines>
						<line number="3" hits="10" branch="false"/>
						<line number="7" hits="2" branch="false"/>
						<line number="12" hits="2" branch="false"/>
						<line number="17" hits="0" branch="true" condition-coverage="0% (0/2)">
							<conditions>
								<condition number="0" type="jump" coverage="0%"/>
							</conditions>
						</line>
					</lines>
				</class>
				<class name="videostore.Price" filename="videostore/Price.java" line-rate="0.5" branch-rate="1.0" complexity="1.0">
					<methods>
						<method name="&lt;init&gt;" signature="()V" line-rate="1.0" branch-rate="1.0" complexity="0">
							<lines>
								<line number="3" hits="28" branch="false"/>
							</lines>
						</method>
						<method name="getFrequentRenterPoints" signature="(I)I" line-rate="0.0" branch-rate="1.0" complexity="0">
							<lines>
								<line number="9" hits="0" branch="false"/>
							</lines>
						</method>
					</methods>
					<lines>
						<line number="3" hits="28" branch="false"/>
						<line number="9" hits="0" branch="false"/>
					</lines>
				</class>
				<class name="videostore.RegularPrice" filename="videostore/RegularPrice.java" line-rate="1.0" branch-rate="0.5" complexity="1.5">
					<methods>
						<method name="&lt;init&gt;" signature="()V" line-rate="1.0" branch-rate="1.0" complexity="0">
							<lines>
								<line number="3" hits="9" branch="false"/>
							</lines>
						</method>
						<method name="getCharge" signature="(I)D" line-rate="1.0" branch-rate="0.5" complexity="0">
							<lines>
								<line number="12" hits="4" branch="false"/>
								<line number="13" hits="4" branch="true" condition-coverage="50% (1/2)">
									<conditions>
										<condition number="0" type="jump" coverage="50%"/>
									</conditions>
								</line>
								<line number="14" hits="4" branch="false"/>
								<line number="15" hits="4" branch="false"/>
							</lines>
						</method>
						<method name="getPriceCode" signature="()I" line-rate="1.0" branch-rate="1.0" complexity="0">
							<lines>
								<line number="7" hits="2" branch="false"/>
							</lines>
						</method>
					</methods>
					<lines>
						<line number="3" hits="9" branch="false"/>
						<line number="7" hits="2" branch="false"/>
						<line number="12" hits="4" branch="false"/>
						<line number="13" hits="4" branch="true" condition-coverage="50% (1/2)">
							<conditions>
								<condition number="0" type="jump" coverage="50%"/>
							</conditions>
						</line>
						<line number="14" hits="4" branch="false"/>
						<line number="15" hits="4" branch="false"/>
					</lines>
				</class>
				<class name="videostore.Rental" filename="videostore/Rental.java" line-rate="1.0" branch-rate="0.75" complexity="1.6">
					<methods>
						<method name="&lt;init&gt;" signature="(Lvideostore/Movie;I)V" line-rate="1.0" branch-rate="1.0" complexity="0">
							<lines>
								<line number="8" hits="27" branch="false"/>
								<line number="9" hits="27" branch="false"/>
								<line number="10" hits="27" branch="false"/>
								<line number="11" hits="27" branch="false"/>
							</lines>
						</method>
						<method name="getCharge" signature="()D" line-rate="1.0" branch-rate="1.0" complexity="0">
							<lines>
								<line number="22" hits="10" branch="false"/>
							</lines>
						</method>
						<method name="getDaysRented" signature="()I" line-rate="1.0" branch-rate="1.0" complexity="0">
							<lines>
								<line number="14" hits="6" branch="false"/>
							</lines>
						</method>
						<method name="getFrequentRenterPoints" signature="(I)I" line-rate="1.0" branch-rate="0.75" complexity="0">
							<lines>
								<line number="26" hits="5" branch="true" condition-coverage="75% (3/4)">
									<conditions>
										<condition number="0" type="jump" coverage="100%"/>
										<condition number="1" type="jump" coverage="50%"/>
									</conditions>
								</line>
								<line number="27" hits="1" branch="false"/>
								<line number="29" hits="4" branch="false"/>
							</lines>
						</method>
						<method name="getMovie" signature="()Lvideostore/Movie;" line-rate="1.0" branch-rate="1.0" complexity="0">
							<lines>
								<line number="18" hits="6" branch="false"/>
							</lines>
						</method>
					</methods>
					<lines>
						<line number="8" hits="27" branch="false"/>
						<line number="9" hits="27" branch="false"/>
						<line number="10" hits="27" branch="false"/>
						<line number="11" hits="27" branch="false"/>
						<line number="14" hits="6" branch="false"/>
						<line number="18" hits="6" branch="false"/>
						<line number="22" hits="10" branch="false"/>
						<line number="26" hits="5" branch="true" condition-coverage="75% (3/4)">
							<conditions>
								<condition number="0" type="jump" coverage="100%"/>
								<condition number="1" type="jump" coverage="50%"/>
							</conditions>
						</line>
						<line number="27" hits="1" branch="false"/>
						<line number="29" hits="4" branch="false"/>
					</lines>
				</class>
			</classes>
		</package>
	</packages>
</coverage>
